<?xml version="1.0" encoding="UTF-8" standalone="yes" ?>
<test-results name="C:\code\delphi-sqlite3\Tests\Win64\Debug\Delphi.SQLite3.Tests.exe" total="40" errors="0" failures="0" ignored="0" inconclusive="0" not-run="0" skipped="0" invalid="0" date="2026-05-15" time="11:15:48">
  <culture-info current-culture="en" current-uiculture="en" />
  <test-suite type="Assembly" name="Delphi.SQLite3.Tests.exe" executed="true" result="Success" success="True" time="11:15:48" asserts="0">
    <results>
        <test-suite type="Namespace" name="Delphi" executed="true" result="Success" success="True" time="0.161" asserts="0" >
          <results>
              <test-suite type="Fixture" name="TSQLite3Tests" executed="True" result="Success" success="True" time="0.161" >
                <results>
                  <test-case name="TestIsAvailable" executed="True" result="Success" success="True" time="0.000" asserts="0" />
                  <test-case name="TestLibVersion" executed="True" result="Success" success="True" time="0.000" asserts="0" />
                  <test-case name="TestCreateDatabase" executed="True" result="Success" success="True" time="0.000" asserts="0" />
                  <test-case name="TestOpenExistingDatabase" executed="True" result="Success" success="True" time="0.000" asserts="0" />
                  <test-case name="TestOpenCreatesFile" executed="True" result="Success" success="True" time="0.011" asserts="0" />
                  <test-case name="TestCreateTable" executed="True" result="Success" success="True" time="0.002" asserts="0" />
                  <test-case name="TestCreateMultipleTables" executed="True" result="Success" success="True" time="0.000" asserts="0" />
                  <test-case name="TestInsertAndSelect" executed="True" result="Success" success="True" time="0.000" asserts="0" />
                  <test-case name="TestInsertParameterized" executed="True" result="Success" success="True" time="0.000" asserts="0" />
                  <test-case name="TestInsertMultipleRows" executed="True" result="Success" success="True" time="0.019" asserts="0" />
                  <test-case name="TestInsertNullParameter" executed="True" result="Success" success="True" time="0.002" asserts="0" />
                  <test-case name="TestInsertBooleanParameter" executed="True" result="Success" success="True" time="0.002" asserts="0" />
                  <test-case name="TestInsertInt64Parameter" executed="True" result="Success" success="True" time="0.002" asserts="0" />
                  <test-case name="TestInsertFloatParameter" executed="True" result="Success" success="True" time="0.004" asserts="0" />
                  <test-case name="TestQueryValue" executed="True" result="Success" success="True" time="0.004" asserts="0" />
                  <test-case name="TestQueryValueParameterized" executed="True" result="Success" success="True" time="0.004" asserts="0" />
                  <test-case name="TestQueryInt" executed="True" result="Success" success="True" time="0.006" asserts="0" />
                  <test-case name="TestQueryIntParameterized" executed="True" result="Success" success="True" time="0.004" asserts="0" />
                  <test-case name="TestQueryValueNoRowsRaises" executed="True" result="Success" success="True" time="0.004" asserts="0" />
                  <test-case name="TestQueryColumnCount" executed="True" result="Success" success="True" time="0.004" asserts="0" />
                  <test-case name="TestQueryColumnNames" executed="True" result="Success" success="True" time="0.002" asserts="0" />
                  <test-case name="TestQueryMultipleRows" executed="True" result="Success" success="True" time="0.006" asserts="0" />
                  <test-case name="TestQueryEmptyResultSet" executed="True" result="Success" success="True" time="0.002" asserts="0" />
                  <test-case name="TestQueryEOF" executed="True" result="Success" success="True" time="0.004" asserts="0" />
                  <test-case name="TestQueryIsNull" executed="True" result="Success" success="True" time="0.006" asserts="0" />
                  <test-case name="TestQueryIndexOf" executed="True" result="Success" success="True" time="0.002" asserts="0" />
                  <test-case name="TestQueryIndexOfNotFound" executed="True" result="Success" success="True" time="0.000" asserts="0" />
                  <test-case name="TestQueryAsBlob" executed="True" result="Success" success="True" time="0.004" asserts="0" />
                  <test-case name="TestUpdate" executed="True" result="Success" success="True" time="0.006" asserts="0" />
                  <test-case name="TestDelete" executed="True" result="Success" success="True" time="0.004" asserts="0" />
                  <test-case name="TestChangesCount" executed="True" result="Success" success="True" time="0.008" asserts="0" />
                  <test-case name="TestLastInsertRowId" executed="True" result="Success" success="True" time="0.002" asserts="0" />
                  <test-case name="TestLastInsertRowIdAutoIncrement" executed="True" result="Success" success="True" time="0.006" asserts="0" />
                  <test-case name="TestTransactionCommit" executed="True" result="Success" success="True" time="0.002" asserts="0" />
                  <test-case name="TestTransactionRollback" executed="True" result="Success" success="True" time="0.003" asserts="0" />
                  <test-case name="TestBadSQLRaises" executed="True" result="Success" success="True" time="0.000" asserts="0" />
                  <test-case name="TestErrorCodePopulated" executed="True" result="Success" success="True" time="0.000" asserts="0" />
                  <test-case name="TestMultipleSequentialQueries" executed="True" result="Success" success="True" time="0.004" asserts="0" />
                  <test-case name="TestIntStoredAsTextReadback" executed="True" result="Success" success="True" time="0.002" asserts="0" />
                  <test-case name="TestFloatPrecision" executed="True" result="Success" success="True" time="0.004" asserts="0" />
                </results>
              </test-suite>
          </results>
        </test-suite>
    </results>
  </test-suite>
</test-results>
